<?xml version="1.0" encoding="UTF-8"?>
<!-- Generated by org.testng.reporters.JUnitReportReporter -->
<testsuite hostname="DESKTOP-0PRLFNF" failures="0" tests="1" name="UI.WilliamJordanPage" time="0.009" errors="0" timestamp="2021-01-23T23:46:40 AST" skipped="0">
  <testcase classname="UI.WilliamJordanPage" name="WilliamJordanPage" time="0.009"/>
  <system-out/>
</testsuite> <!-- UI.WilliamJordanPage -->
