<?xml version="1.0" encoding="UTF-8"?>
<!-- Generated by org.testng.reporters.JUnitReportReporter -->
<testsuite hostname="DESKTOP-0PRLFNF" failures="0" tests="3" name="UI.ExpertShow" time="30.454" errors="0" timestamp="2021-01-24T08:41:21 AST" skipped="0">
  <testcase classname="UI.ExpertShow" name="WilliamJordan" time="9.249"/>
  <system-out/>
  <testcase classname="UI.ExpertShow" name="QosaiShawa" time="8.883"/>
  <system-out/>
  <testcase classname="UI.ExpertShow" name="ShaimaBadawi" time="12.322"/>
  <system-out/>
</testsuite> <!-- UI.ExpertShow -->
