<?xml version="1.0" encoding="UTF-8"?>
<!-- Generated by org.testng.reporters.JUnitReportReporter -->
<testsuite hostname="DESKTOP-0PRLFNF" failures="0" tests="1" name="UI.ExpertsShow" time="0.016" errors="0" timestamp="2021-01-24T07:06:19 AST" skipped="0">
  <testcase classname="UI.ExpertsShow" name="WilliamJordan" time="0.016"/>
  <system-out/>
</testsuite> <!-- UI.ExpertsShow -->
